
In NotifStart.php line 113:
                           
  Undefined variable: req  
                           


In NotifStart.php line 113:
                           
  Undefined variable: req  
                           


In NotifStart.php line 113:
                           
  Undefined variable: req  
                           


In NotifStart.php line 125:
                           
  Undefined variable: req  
                           


In NotifStart.php line 125:
                           
  Undefined variable: req  
                           


In NotifStart.php line 125:
                           
  Undefined variable: req  
                           


In RelationNotFoundException.php line 34:
                                                                               
  Call to undefined relationship [dinas_approval] on model [App\API\Dinas\hea  
  der].                                                                        
                                                                               

success reminder cuti izin (2018-11-09 14:25:06) 
success reminder cuti izin (2018-11-09 14:25:07) 
success reminder cuti izin (2018-11-09 14:25:08) 
success reminder cuti izin (2018-11-09 14:25:09) 
nik atasan tidak terima notif CUTI IZIN - 20151873 --- (2018-11-09 14:25:10) 
success reminder cuti izin (2018-11-09 14:25:10) 
nik atasan tidak terima notif CUTI IZIN - 20151873 --- (2018-11-09 14:25:11) 
success reminder cuti izin (2018-11-09 14:25:11) 
CUTI/IZIN - nik atasan tidak terima notif CUTI IZIN - (20151873) --- (2018-11-09 14:40:06) 
CUTI/IZIN - nik atasan tidak terima notif CUTI IZIN - (20151873) --- (2018-11-09 14:40:07) 
CUTI/IZIN - nik atasan tidak terima notif CUTI IZIN - (20151873) --- (2018-11-09 14:45:06) 
CUTI/IZIN - nik atasan tidak terima notif CUTI IZIN - (20151873) --- (2018-11-09 14:45:07) 
CUTI/IZIN - nik atasan tidak terima notif CUTI IZIN - (20151873) --- (2018-11-09 14:45:12) 
CUTI/IZIN - nik atasan tidak terima notif CUTI IZIN - (20151873) --- (2018-11-09 14:45:13) 
CUTI/IZIN - nik atasan tidak terima notif CUTI IZIN - (20151873) --- (2018-11-09 14:50:06) 
CUTI/IZIN - nik atasan tidak terima notif CUTI IZIN - (20151873) --- (2018-11-09 14:50:07) 
CUTI/IZIN - nik atasan telah terima notif CUTI IZIN - (20151873) --- (2018-11-09 14:55:06) 
CUTI/IZIN - nik atasan telah terima notif CUTI IZIN - (20151873) --- (2018-11-09 14:55:08) 
CUTI/IZIN - nik atasan telah terima notif CUTI IZIN - (20151873) --- (2018-11-09 14:55:55) 
CUTI/IZIN - nik atasan telah terima notif CUTI IZIN - (20151873) --- (2018-11-09 14:55:56) 
CUTI/IZIN - nik atasan telah terima notif CUTI IZIN - (20151873) --- (2018-11-09 15:00:06) 
CUTI/IZIN - nik atasan telah terima notif CUTI IZIN - (20151873) --- (2018-11-09 15:00:07) 
CUTI/IZIN - nik atasan telah terima notif CUTI IZIN - (20151873) --- (2018-11-09 15:05:08) 
CUTI/IZIN - nik atasan telah terima notif CUTI IZIN - (20151873) --- (2018-11-09 15:05:09) 
CUTI/IZIN - nik atasan telah terima notif CUTI IZIN - (20151873) --- (2018-11-09 15:10:06) 
CUTI/IZIN - nik atasan telah terima notif CUTI IZIN - (20151873) --- (2018-11-09 15:10:07) 
CUTI/IZIN - nik atasan telah terima notif CUTI IZIN - (20151873) --- (2018-11-09 15:15:06) 
CUTI/IZIN - nik atasan telah terima notif CUTI IZIN - (20151873) --- (2018-11-09 15:15:07) 
CUTI/IZIN - nik atasan telah terima notif CUTI IZIN - (20151873) --- (2018-11-09 15:20:06) 
CUTI/IZIN - nik atasan telah terima notif CUTI IZIN - (20151873) --- (2018-11-09 15:20:07) 
CUTI/IZIN - nik atasan telah terima notif CUTI IZIN - (20151873) --- (2018-11-09 15:25:06) 
CUTI/IZIN - nik atasan telah terima notif CUTI IZIN - (20151873) --- (2018-11-09 15:25:08) 
CUTI/IZIN - nik atasan telah terima notif CUTI IZIN - (20151873) --- (2018-11-09 15:30:06) 
CUTI/IZIN - nik atasan telah terima notif CUTI IZIN - (20151873) --- (2018-11-09 15:30:07) 
CUTI/IZIN - nik atasan telah terima notif CUTI IZIN - (20151873) --- (2018-11-09 15:35:08) 
CUTI/IZIN - nik atasan telah terima notif CUTI IZIN - (20151873) --- (2018-11-09 15:35:10) 
CUTI/IZIN - nik atasan telah terima notif CUTI IZIN - (20151873) --- (2018-11-09 15:40:07) 
CUTI/IZIN - nik atasan telah terima notif CUTI IZIN - (20151873) --- (2018-11-09 15:40:08) 
CUTI/IZIN - nik atasan telah terima notif CUTI IZIN - (20151873) --- (2018-11-09 15:45:06) 
CUTI/IZIN - nik atasan telah terima notif CUTI IZIN - (20151873) --- (2018-11-09 15:45:07) 
CUTI/IZIN - nik atasan telah terima notif CUTI IZIN - (20151873) --- (2018-11-09 15:50:06) 
CUTI/IZIN - nik atasan telah terima notif CUTI IZIN - (20151873) --- (2018-11-09 15:50:07) 
CUTI/IZIN - nik atasan telah terima notif CUTI IZIN - (20151873) --- (2018-11-09 15:55:06) 
CUTI/IZIN - nik atasan telah terima notif CUTI IZIN - (20151873) --- (2018-11-09 15:55:07) 
CUTI/IZIN - nik atasan telah terima notif CUTI IZIN - (20151873) --- (2018-11-09 16:00:06) 
CUTI/IZIN - nik atasan telah terima notif CUTI IZIN - (20151873) --- (2018-11-09 16:00:07) 
CUTI/IZIN - nik atasan telah terima notif CUTI IZIN - (20151873) --- (2018-11-09 16:05:06) 
CUTI/IZIN - nik atasan telah terima notif CUTI IZIN - (20151873) --- (2018-11-09 16:05:07) 
CUTI/IZIN - nik atasan telah terima notif CUTI IZIN - (20151873) --- (2018-11-09 16:10:06) 
CUTI/IZIN - nik atasan telah terima notif CUTI IZIN - (20151873) --- (2018-11-09 16:10:07) 

In NotifStart.php line 62:
                                                               
  Call to undefined function App\Console\Commands\sendDinas()  
                                                               


In NotifStart.php line 62:
                                                               
  Call to undefined function App\Console\Commands\sendDinas()  
                                                               


In NotifStart.php line 62:
                                                               
  Call to undefined function App\Console\Commands\sendDinas()  
                                                               


In NotifStart.php line 62:
                                                               
  Call to undefined function App\Console\Commands\sendDinas()  
                                                               


In NotifStart.php line 62:
                                                               
  Call to undefined function App\Console\Commands\sendDinas()  
                                                               


In NotifStart.php line 62:
                                                               
  Call to undefined function App\Console\Commands\sendDinas()  
                                                               


In NotifStart.php line 62:
                                                               
  Call to undefined function App\Console\Commands\sendDinas()  
                                                               


In NotifStart.php line 62:
                                                               
  Call to undefined function App\Console\Commands\sendDinas()  
                                                               


In NotifStart.php line 62:
                                                               
  Call to undefined function App\Console\Commands\sendDinas()  
                                                               


In NotifStart.php line 62:
                                                               
  Call to undefined function App\Console\Commands\sendDinas()  
                                                               


In NotifStart.php line 62:
                                                               
  Call to undefined function App\Console\Commands\sendDinas()  
                                                               


In NotifStart.php line 62:
                                                               
  Call to undefined function App\Console\Commands\sendDinas()  
                                                               


In NotifStart.php line 62:
                                                               
  Call to undefined function App\Console\Commands\sendDinas()  
                                                               


In NotifStart.php line 62:
                                                               
  Call to undefined function App\Console\Commands\sendDinas()  
                                                               

CUTI/IZIN - nik atasan telah terima notif CUTI IZIN - (20151873) --- (2018-11-09 17:25:07) 
CUTI/IZIN - nik atasan telah terima notif CUTI IZIN - (20151873) --- (2018-11-09 17:25:08) 
CUTI/IZIN - nik atasan telah terima notif CUTI IZIN - (20151873) --- (2018-11-09 17:30:07) 
CUTI/IZIN - nik atasan telah terima notif CUTI IZIN - (20151873) --- (2018-11-09 17:30:08) 
CUTI/IZIN - nik atasan telah terima notif CUTI IZIN - (20151873) --- (2018-11-09 17:35:06) 
CUTI/IZIN - nik atasan telah terima notif CUTI IZIN - (20151873) --- (2018-11-09 17:35:08) 
CUTI/IZIN - nik atasan telah terima notif CUTI IZIN - (20151873) --- (2018-11-09 17:37:37) 
CUTI/IZIN - nik atasan telah terima notif CUTI IZIN - (20151873) --- (2018-11-09 17:37:38) 
CUTI/IZIN - nik atasan telah terima notif CUTI IZIN - (20151873) --- (2018-11-09 17:38:06) 
CUTI/IZIN - nik atasan telah terima notif CUTI IZIN - (20151873) --- (2018-11-09 17:38:07) 

In NotifStart.php line 85:
                                        
  Trying to get property of non-object  
                                        


In NotifStart.php line 85:
                                        
  Trying to get property of non-object  
                                        

CUTI/IZIN - nik atasan telah terima notif CUTI IZIN - (20151873) --- (2018-11-09 17:39:50) 
CUTI/IZIN - nik atasan telah terima notif CUTI IZIN - (20151873) --- (2018-11-09 17:39:51) 
CUTI/IZIN - nik atasan telah terima notif CUTI IZIN - (20151873) --- (2018-11-09 17:40:06) 
CUTI/IZIN - nik atasan telah terima notif CUTI IZIN - (20151873) --- (2018-11-09 17:40:07) 
{"id":1,"nik":20180005,"kota_tujuan":"Tangerang","jumlah_hari":3,"keperluan":"Meeting","created_at":"2018-10-05 10:29:52","updated_at":null,"deleted_at":null,"status":0,"approval":null}
{"id":1,"nik":20180001,"kota_tujuan":"Dinas1","jumlah_hari":1,"keperluan":"Dinas1","created_at":"2018-11-07 16:30:27","updated_at":null,"deleted_at":null,"status":10,"approval":{"id":50,"atasan":"20151873","atasan2":"-","id_dinas":1}}
CUTI/IZIN - nik atasan telah terima notif CUTI IZIN - (20151873) --- (2018-11-09 17:40:33) 
CUTI/IZIN - nik atasan telah terima notif CUTI IZIN - (20151873) --- (2018-11-09 17:40:34) 
{"id":1,"nik":20180005,"kota_tujuan":"Tangerang","jumlah_hari":3,"keperluan":"Meeting","created_at":"2018-10-05 10:29:52","updated_at":null,"deleted_at":null,"status":0,"approval":null}
{"id":1,"nik":20180001,"kota_tujuan":"Dinas1","jumlah_hari":1,"keperluan":"Dinas1","created_at":"2018-11-07 16:30:27","updated_at":null,"deleted_at":null,"status":10,"approval":{"id":50,"atasan":"20151873","atasan2":"-","id_dinas":1}}
CUTI/IZIN - nik atasan telah terima notif CUTI IZIN - (20151873) --- (2018-11-09 17:41:06) 
CUTI/IZIN - nik atasan telah terima notif CUTI IZIN - (20151873) --- (2018-11-09 17:41:07) 
{"id":1,"nik":20180005,"kota_tujuan":"Tangerang","jumlah_hari":3,"keperluan":"Meeting","created_at":"2018-10-05 10:29:52","updated_at":null,"deleted_at":null,"status":0,"approval":null}
{"id":1,"nik":20180001,"kota_tujuan":"Dinas1","jumlah_hari":1,"keperluan":"Dinas1","created_at":"2018-11-07 16:30:27","updated_at":null,"deleted_at":null,"status":10,"approval":{"id":50,"atasan":"20151873","atasan2":"-","id_dinas":1}}
CUTI/IZIN - nik atasan telah terima notif CUTI IZIN - (20151873) --- (2018-11-09 17:42:06) 
CUTI/IZIN - nik atasan telah terima notif CUTI IZIN - (20151873) --- (2018-11-09 17:42:07) 
{"id":1,"nik":20180005,"kota_tujuan":"Tangerang","jumlah_hari":3,"keperluan":"Meeting","created_at":"2018-10-05 10:29:52","updated_at":null,"deleted_at":null,"status":0,"approval":null}
{"id":1,"nik":20180001,"kota_tujuan":"Dinas1","jumlah_hari":1,"keperluan":"Dinas1","created_at":"2018-11-07 16:30:27","updated_at":null,"deleted_at":null,"status":10,"approval":{"id":50,"atasan":"20151873","atasan2":"-","id_dinas":1}}
CUTI/IZIN - nik atasan telah terima notif CUTI IZIN - (20151873) --- (2018-11-09 17:42:47) 
CUTI/IZIN - nik atasan telah terima notif CUTI IZIN - (20151873) --- (2018-11-09 17:42:48) 
{"id":1,"nik":20180005,"kota_tujuan":"Tangerang","jumlah_hari":3,"keperluan":"Meeting","created_at":"2018-10-05 10:29:52","updated_at":null,"deleted_at":null,"status":0,"approval":null}
{"id":1,"nik":20180001,"kota_tujuan":"Dinas1","jumlah_hari":1,"keperluan":"Dinas1","created_at":"2018-11-07 16:30:27","updated_at":null,"deleted_at":null,"status":10,"approval":{"id":50,"atasan":"20151873","atasan2":"-","id_dinas":1}}
CUTI/IZIN - nik atasan telah terima notif CUTI IZIN - (20151873) --- (2018-11-09 17:43:06) 
CUTI/IZIN - nik atasan telah terima notif CUTI IZIN - (20151873) --- (2018-11-09 17:43:07) 
{"id":1,"nik":20180005,"kota_tujuan":"Tangerang","jumlah_hari":3,"keperluan":"Meeting","created_at":"2018-10-05 10:29:52","updated_at":null,"deleted_at":null,"status":0,"approval":null}
{"id":1,"nik":20180001,"kota_tujuan":"Dinas1","jumlah_hari":1,"keperluan":"Dinas1","created_at":"2018-11-07 16:30:27","updated_at":null,"deleted_at":null,"status":10,"approval":{"id":50,"atasan":"20151873","atasan2":"-","id_dinas":1}}
CUTI/IZIN - nik atasan telah terima notif CUTI IZIN - (20151873) --- (2018-11-09 17:44:06) 
CUTI/IZIN - nik atasan telah terima notif CUTI IZIN - (20151873) --- (2018-11-09 17:44:07) 
demo
demo
pma_testing
CUTI/IZIN - nik atasan telah terima notif CUTI IZIN - (20151873) --- (2018-11-09 17:45:04) 
CUTI/IZIN - nik atasan telah terima notif CUTI IZIN - (20151873) --- (2018-11-09 17:45:05) 
pma_testing
CUTI/IZIN - nik atasan telah terima notif CUTI IZIN - (20151873) --- (2018-11-09 17:45:06) 
CUTI/IZIN - nik atasan telah terima notif CUTI IZIN - (20151873) --- (2018-11-09 17:45:07) 
demo
pma_testing
CUTI/IZIN - nik atasan telah terima notif CUTI IZIN - (20151873) --- (2018-11-09 17:46:06) 
CUTI/IZIN - nik atasan telah terima notif CUTI IZIN - (20151873) --- (2018-11-09 17:46:07) 
demo
pma_testing
CUTI/IZIN - nik atasan telah terima notif CUTI IZIN - (20151873) --- (2018-11-09 17:47:06) 
CUTI/IZIN - nik atasan telah terima notif CUTI IZIN - (20151873) --- (2018-11-09 17:47:07) 
demo
pma_testing
CUTI/IZIN - nik atasan telah terima notif CUTI IZIN - (20151873) --- (2018-11-09 17:48:06) 
CUTI/IZIN - nik atasan telah terima notif CUTI IZIN - (20151873) --- (2018-11-09 17:48:07) 
