
In autoLogout.php line 47:
                                             
  Class 'App\Console\Commands\DB' not found  
                                             


In autoLogout.php line 47:
                                             
  Class 'App\Console\Commands\DB' not found  
                                             


In autoLogout.php line 47:
                                             
  Class 'App\Console\Commands\DB' not found  
                                             


In autoLogout.php line 47:
                                             
  Class 'App\Console\Commands\DB' not found  
                                             


In autoLogout.php line 47:
                                             
  Class 'App\Console\Commands\DB' not found  
                                             


In autoLogout.php line 47:
                                             
  Class 'App\Console\Commands\DB' not found  
                                             


In autoLogout.php line 47:
                                             
  Class 'App\Console\Commands\DB' not found  
                                             


In autoLogout.php line 47:
                                             
  Class 'App\Console\Commands\DB' not found  
                                             


In autoLogout.php line 47:
                                             
  Class 'App\Console\Commands\DB' not found  
                                             


In autoLogout.php line 47:
                                             
  Class 'App\Console\Commands\DB' not found  
                                             


In autoLogout.php line 47:
                                             
  Class 'App\Console\Commands\DB' not found  
                                             


In autoLogout.php line 47:
                                             
  Class 'App\Console\Commands\DB' not found  
                                             


In autoLogout.php line 47:
                                             
  Class 'App\Console\Commands\DB' not found  
                                             


In autoLogout.php line 47:
                                             
  Class 'App\Console\Commands\DB' not found  
                                             


In autoLogout.php line 47:
                                             
  Class 'App\Console\Commands\DB' not found  
                                             


In autoLogout.php line 47:
                                             
  Class 'App\Console\Commands\DB' not found  
                                             


In autoLogout.php line 47:
                                             
  Class 'App\Console\Commands\DB' not found  
                                             


In autoLogout.php line 47:
                                             
  Class 'App\Console\Commands\DB' not found  
                                             


In autoLogout.php line 47:
                                             
  Class 'App\Console\Commands\DB' not found  
                                             

success auto logout (2018-10-02 14:55:02) 
success auto logout (2018-10-02 14:55:02) 
success auto logout (2018-10-02 16:55:01) 
success auto logout (2018-10-02 18:05:02) 
success auto logout (2018-10-03 08:20:01) 
success auto logout (2018-10-03 08:30:02) 
success auto logout (2018-10-03 10:00:01) 
success auto logout (2018-10-03 10:15:02) 
success auto logout (2018-10-03 13:25:39) 
success auto logout (2018-10-04 09:35:01) 
success auto logout (2018-10-04 10:50:01) 
success auto logout (2018-10-04 11:20:02) 
success auto logout (2018-10-04 11:30:02) 
success auto logout (2018-10-04 14:30:02) 
success auto logout (2018-10-04 17:25:02) 
success auto logout (2018-10-04 17:25:28) 
success auto logout (2018-10-04 20:40:01) 
success auto logout (2018-10-05 10:10:02) 
success auto logout (2018-10-05 12:30:02) 
success auto logout (2018-10-05 12:45:01) 
success auto logout (2018-10-05 12:50:01) 
success auto logout (2018-10-05 15:40:02) 
success auto logout (2018-10-05 15:45:01) 
success auto logout (2018-10-05 16:15:02) 
success auto logout (2018-10-05 16:40:02) 
success auto logout (2018-10-05 16:45:02) 
success auto logout (2018-10-05 16:55:02) 
success auto logout (2018-10-05 17:05:02) 
success auto logout (2018-10-05 17:10:02) 
success auto logout (2018-10-05 17:30:02) 
success auto logout (2018-10-05 17:35:02) 
success auto logout (2018-10-05 17:40:02) 
success auto logout (2018-10-05 17:45:01) 
success auto logout (2018-10-05 17:45:02) 
success auto logout (2018-10-05 17:50:08) 
success auto logout (2018-10-05 18:00:01) 
success auto logout (2018-10-05 18:20:02) 
success auto logout (2018-10-05 18:25:42) 
success auto logout (2018-10-05 18:30:02) 
success auto logout (2018-10-05 18:45:02) 
success auto logout (2018-10-05 18:55:02) 
success auto logout (2018-10-05 19:00:02) 
success auto logout (2018-10-05 19:05:02) 
success auto logout (2018-10-05 19:10:02) 
success auto logout (2018-10-05 19:15:02) 
success auto logout (2018-10-05 19:25:39) 
success auto logout (2018-10-05 19:50:02) 
success auto logout (2018-10-05 19:55:01) 
success auto logout (2018-10-05 20:05:02) 
success auto logout (2018-10-05 20:50:02) 
success auto logout (2018-10-05 20:55:02) 
success auto logout (2018-10-05 21:20:02) 
success auto logout (2018-10-05 21:50:02) 
success auto logout (2018-10-05 22:25:42) 
success auto logout (2018-10-05 22:55:02) 
success auto logout (2018-10-05 23:30:02) 
success auto logout (2018-10-06 08:35:02) 
success auto logout (2018-10-06 08:55:02) 
success auto logout (2018-10-06 09:00:01) 
success auto logout (2018-10-06 09:25:40) 
success auto logout (2018-10-06 10:00:02) 
success auto logout (2018-10-06 10:25:36) 
success auto logout (2018-10-06 10:40:02) 
success auto logout (2018-10-06 11:10:02) 
success auto logout (2018-10-06 12:20:02) 
success auto logout (2018-10-06 14:05:01) 
success auto logout (2018-10-06 14:25:29) 
success auto logout (2018-10-06 16:15:02) 
success auto logout (2018-10-06 16:50:02) 
success auto logout (2018-10-06 18:55:02) 
success auto logout (2018-10-06 20:15:02) 
success auto logout (2018-10-06 22:40:02) 
success auto logout (2018-10-07 08:10:02) 
success auto logout (2018-10-07 10:15:02) 
success auto logout (2018-10-07 12:55:03) 
success auto logout (2018-10-07 13:20:02) 
success auto logout (2018-10-07 18:35:02) 
success auto logout (2018-10-07 23:10:01) 
success auto logout (2018-10-08 09:15:02) 
success auto logout (2018-10-08 09:45:01) 
success auto logout (2018-10-08 10:40:02) 
success auto logout (2018-10-08 12:30:01) 
success auto logout (2018-10-08 12:50:01) 
success auto logout (2018-10-08 15:30:01) 
success auto logout (2018-10-08 17:35:02) 
success auto logout (2018-10-08 20:15:02) 
success auto logout (2018-10-09 00:00:02) 
success auto logout (2018-10-09 01:05:02) 
success auto logout (2018-10-09 08:20:02) 
success auto logout (2018-10-09 08:45:02) 

In PDOConnection.php line 50:
                                           
  SQLSTATE[HY000] [2002] No route to host  
                                           

In PDOConnection.php line 46:
                                           
  SQLSTATE[HY000] [2002] No route to host  
                                           

success auto logout (2018-10-09 12:08:36) 
success auto logout (2018-10-09 12:33:52) 
success auto logout (2018-10-09 14:14:21) 
success auto logout (2018-10-09 14:33:37) 
success auto logout (2018-10-09 14:40:02) 
success auto logout (2018-10-09 15:15:01) 
success auto logout (2018-10-09 17:30:02) 
success auto logout (2018-10-09 18:25:36) 
success auto logout (2018-10-09 19:10:02) 
success auto logout (2018-10-09 22:50:02) 
success auto logout (2018-10-10 10:25:02) 
success auto logout (2018-10-10 11:20:01) 
success auto logout (2018-10-10 15:45:02) 

In Connection.php line 664:
                                                                    
  SQLSTATE[HY000] [2002] Connection timed out (SQL:                 
              update user set is_login = '0', first_login = '1'     
              where TIMESTAMPDIFF(SECOND,last_login,NOW()) > 3600)  
                                                                    

In PDOConnection.php line 50:
                                               
  SQLSTATE[HY000] [2002] Connection timed out  
                                               

In PDOConnection.php line 46:
                                               
  SQLSTATE[HY000] [2002] Connection timed out  
                                               

success auto logout (2018-10-10 20:30:01) 
success auto logout (2018-10-10 23:05:01) 
success auto logout (2018-10-11 00:00:03) 
success auto logout (2018-10-12 07:00:02) 
success auto logout (2018-10-12 07:00:02) 
PHP Notice:  Use of undefined constant fixed - assumed 'fixed' in /home/160315.cloudwaysapps.com/shjwknyybe/public_html/config/adminlte.php on line 61
success auto logout (2018-10-13 07:00:02) 
success auto logout (2018-10-13 07:00:02) 
PHP Notice:  Use of undefined constant fixed - assumed 'fixed' in /home/160315.cloudwaysapps.com/shjwknyybe/public_html/config/adminlte.php on line 61
success auto logout (2018-10-14 07:00:01) 
success auto logout (2018-10-14 07:00:01) 
success auto logout (2018-10-14 07:00:02) 
PHP Notice:  Use of undefined constant fixed - assumed 'fixed' in /home/160315.cloudwaysapps.com/shjwknyybe/public_html/config/adminlte.php on line 61
success auto logout (2018-10-15 07:00:02) 
PHP Notice:  Use of undefined constant fixed - assumed 'fixed' in /home/160315.cloudwaysapps.com/shjwknyybe/public_html/config/adminlte.php on line 61
success auto logout (2018-10-16 07:00:02) 
success auto logout (2018-10-16 07:00:02) 
PHP Notice:  Use of undefined constant fixed - assumed 'fixed' in /home/160315.cloudwaysapps.com/shjwknyybe/public_html/config/adminlte.php on line 61
success auto logout (2018-10-17 07:00:02) 
success auto logout (2018-10-17 07:00:02) 
success auto logout (2018-10-17 07:00:02) 
success auto logout (2018-10-18 07:00:01) 
success auto logout (2018-10-18 07:00:01) 
success auto logout (2018-10-19 07:00:01) 
success auto logout (2018-10-20 07:00:02) 
success auto logout (2018-10-20 07:00:02) 
success auto logout (2018-10-21 07:00:02) 
success auto logout (2018-10-21 07:00:02) 
success auto logout (2018-10-22 07:00:02) 
success auto logout (2018-10-23 07:00:02) 
success auto logout (2018-10-24 07:00:02) 
success auto logout (2018-10-25 07:00:02) 
success auto logout (2018-10-26 07:00:02) 
success auto logout (2018-10-26 07:00:02) 
success auto logout (2018-10-26 07:00:03) 
success auto logout (2018-10-27 07:00:02) 
success auto logout (2018-10-27 07:00:02) 
success auto logout (2018-10-28 07:00:02) 
success auto logout (2018-10-28 07:00:02) 
success auto logout (2018-10-29 07:00:01) 
success auto logout (2018-10-29 15:50:35) 
success auto logout (2018-10-29 15:50:35) 
success auto logout (2018-10-29 16:00:03) 
success auto logout (2018-10-30 07:00:02) 
success auto logout (2018-10-31 07:00:02) 
success auto logout (2018-10-31 07:00:02) 
success auto logout (2018-10-31 07:00:03) 
success auto logout (2018-11-01 07:00:03) 
success auto logout (2018-11-01 07:00:03) 
success auto logout (2018-11-01 07:00:05) 
success auto logout (2018-11-01 07:00:05) 
success auto logout (2018-11-02 07:00:02) 
success auto logout (2018-11-02 07:00:02) 
success auto logout (2018-11-02 07:00:03) 
success auto logout (2018-11-03 07:00:02) 
success auto logout (2018-11-03 07:00:02) 
success auto logout (2018-11-03 07:00:03) 
success auto logout (2018-11-03 07:00:03) 
success auto logout (2018-11-04 07:00:01) 
success auto logout (2018-11-04 07:00:02) 
success auto logout (2018-11-05 07:00:02) 
success auto logout (2018-11-05 07:00:02) 
success auto logout (2018-11-06 07:00:03) 
success auto logout (2018-11-06 07:00:03) 
success auto logout (2018-11-06 07:00:04) 
success auto logout (2018-11-06 07:00:04) 
success auto logout (2018-11-07 07:00:01) 
success auto logout (2018-11-07 07:00:01) 
success auto logout (2018-11-07 07:00:02) 
success auto logout (2018-11-07 07:00:02) 
success auto logout (2018-11-08 07:00:02) 
success auto logout (2018-11-08 07:00:02) 
success auto logout (2018-11-08 07:00:03) 
success auto logout (2018-11-08 07:00:03) 
success auto logout (2018-11-08 07:00:03) 
success auto logout (2018-11-09 07:00:02) 
success auto logout (2018-11-09 07:00:02) 
success auto logout (2018-11-09 07:00:02) 
success auto logout (2018-11-09 07:00:03) 
success auto logout (2018-11-09 14:10:20) 
success auto logout (2018-11-09 14:10:20) 
success auto logout (2018-11-09 15:35:11) 
success auto logout (2018-11-09 17:20:02) 
